9461 verbose chmod C:\Users\yiming\AppData\Roaming\npm-cache\tunnel-agent\0.3.0\package.tgz 644
9462 silly chown skipping for windows C:\Users\yiming\AppData\Roaming\npm-cache\tunnel-agent\0.3.0\package.tgz
9463 silly lockFile 8e175ebc-nel-agent-tunnel-agent-0-3-0-tgz https://registry.npmjs.org/tunnel-agent/-/tunnel-agent-0.3.0.tgz
9464 silly lockFile 8e175ebc-nel-agent-tunnel-agent-0-3-0-tgz https://registry.npmjs.org/tunnel-agent/-/tunnel-agent-0.3.0.tgz
9465 silly lockFile d054959a-tunnel-agent-0-3-0 tunnel-agent@0.3.0
9466 silly lockFile d054959a-tunnel-agent-0-3-0 tunnel-agent@0.3.0
9467 silly lockFile e5681eda-tunnel-agent-0-3-0 tunnel-agent@~0.3.0
9468 silly lockFile e5681eda-tunnel-agent-0-3-0 tunnel-agent@~0.3.0
9469 error Error: ENOENT, chmod 'C:\Users\yiming\AppData\Local\Temp\npm-7104-l5a5MTDS\1375770134537-0.6660421600099653\package\tests\04-unescaped_in_script.json'
9470 error If you need help, you may report this log at:
9470 error     <http://github.com/isaacs/npm/issues>
9470 error or email it to:
9470 error     <npm-@googlegroups.com>
9471 error System Windows_NT 6.2.9200
9472 error command "C:\\Program Files\\nodejs\\\\node.exe" "C:\\Program Files\\nodejs\\node_modules\\npm\\bin\\npm-cli.js" "install"
9473 error cwd d:\code\kissy_git\kissy\kissy
9474 error node -v v0.10.15
9475 error npm -v 1.3.5
9476 error path C:\Users\yiming\AppData\Local\Temp\npm-7104-l5a5MTDS\1375770134537-0.6660421600099653\package\tests\04-unescaped_in_script.json
9477 error fstream_path C:\Users\yiming\AppData\Local\Temp\npm-7104-l5a5MTDS\1375770134537-0.6660421600099653\package\tests\04-unescaped_in_script.json
9478 error fstream_type File
9479 error fstream_class FileWriter
9480 error fstream_finish_call chmod
9481 error code ENOENT
9482 error errno 34
9483 error fstream_stack C:\Program Files\nodejs\node_modules\npm\node_modules\fstream\lib\writer.js:305:19
9483 error fstream_stack Object.oncomplete (fs.js:107:15)
9484 verbose exit [ 34, true ]
